C:\Users\prett\github\Seeme2Here\Angular\patApp\dist\out-tsc\app\home\home.component.js
C:\Users\prett\github\Seeme2Here\Angular\patApp\dist\out-tsc\app\home\home.component.js.map
C:\Users\prett\github\Seeme2Here\Angular\patApp\dist\out-tsc\environments\environment.js
C:\Users\prett\github\Seeme2Here\Angular\patApp\dist\out-tsc\environments\environment.js.map
C:\Users\prett\github\Seeme2Here\Angular\patApp\dist\out-tsc\app\_models\story.js
C:\Users\prett\github\Seeme2Here\Angular\patApp\dist\out-tsc\app\_models\story.js.map
C:\Users\prett\github\Seeme2Here\Angular\patApp\dist\out-tsc\app\_services\data.service.js
C:\Users\prett\github\Seeme2Here\Angular\patApp\dist\out-tsc\app\_services\data.service.js.map
C:\Users\prett\github\Seeme2Here\Angular\patApp\dist\out-tsc\app\coding\coding.component.js
C:\Users\prett\github\Seeme2Here\Angular\patApp\dist\out-tsc\app\coding\coding.component.js.map
C:\Users\prett\github\Seeme2Here\Angular\patApp\dist\out-tsc\app\app-routing.module.js
C:\Users\prett\github\Seeme2Here\Angular\patApp\dist\out-tsc\app\app-routing.module.js.map
C:\Users\prett\github\Seeme2Here\Angular\patApp\dist\out-tsc\app\app.component.js
C:\Users\prett\github\Seeme2Here\Angular\patApp\dist\out-tsc\app\app.component.js.map
C:\Users\prett\github\Seeme2Here\Angular\patApp\dist\out-tsc\app\_helpers\filter.pipe.js
C:\Users\prett\github\Seeme2Here\Angular\patApp\dist\out-tsc\app\_helpers\filter.pipe.js.map
C:\Users\prett\github\Seeme2Here\Angular\patApp\dist\out-tsc\app\app.module.js
C:\Users\prett\github\Seeme2Here\Angular\patApp\dist\out-tsc\app\app.module.js.map
C:\Users\prett\github\Seeme2Here\Angular\patApp\dist\out-tsc\main.js
C:\Users\prett\github\Seeme2Here\Angular\patApp\dist\out-tsc\main.js.map
C:\Users\prett\github\Seeme2Here\Angular\patApp\dist\out-tsc\polyfills.js
C:\Users\prett\github\Seeme2Here\Angular\patApp\dist\out-tsc\polyfills.js.map
